# JRE version: OpenJDK Runtime Environment (8.0_242-b01) (build 1.8.0_242-release-1644-b01)
# Java VM: OpenJDK 64-Bit Server VM (25.242-b01 mixed mode windows-amd64 compressed oops)
Heap:
 PSYoungGen      total 522752K, used 460280K [0x00000000d5580000, 0x00000000f8e80000, 0x0000000100000000)
  eden space 468992K, 95% used [0x00000000d5580000,0x00000000f0c54240,0x00000000f1f80000)
  from space 53760K, 20% used [0x00000000f5a00000,0x00000000f64aa088,0x00000000f8e80000)
  to   space 56832K, 0% used [0x00000000f1f80000,0x00000000f1f80000,0x00000000f5700000)
 ParOldGen       total 155648K, used 65332K [0x0000000080000000, 0x0000000089800000, 0x00000000d5580000)
  object space 155648K, 41% used [0x0000000080000000,0x0000000083fcd008,0x0000000089800000)
 Metaspace       used 114203K, capacity 122094K, committed 122520K, reserved 1155072K
  class space    used 14504K, capacity 15878K, committed 16304K, reserved 1048576K
GC Heap History (10 events):
Event: 18489.557 GC heap before
{Heap before GC invocations=33 (full 5):
 PSYoungGen      total 479744K, used 460675K [0x00000000d5580000, 0x00000000f6b80000, 0x0000000100000000)
  eden space 432640K, 100% used [0x00000000d5580000,0x00000000efc00000,0x00000000efc00000)
  from space 47104K, 59% used [0x00000000efc00000,0x00000000f1760f08,0x00000000f2a00000)
  to   space 47616K, 0% used [0x00000000f3d00000,0x00000000f3d00000,0x00000000f6b80000)
 ParOldGen       total 155648K, used 63198K [0x0000000080000000, 0x0000000089800000, 0x00000000d5580000)
  object space 155648K, 40% used [0x0000000080000000,0x0000000083db7950,0x0000000089800000)
 Metaspace       used 112796K, capacity 120432K, committed 121880K, reserved 1155072K
  class space    used 14425K, capacity 15747K, committed 16176K, reserved 1048576K
Event: 18490.260 GC heap after
Heap after GC invocations=33 (full 5):
 PSYoungGen      total 488960K, used 16342K [0x00000000d5580000, 0x00000000f6480000, 0x0000000100000000)
  eden space 448512K, 0% used [0x00000000d5580000,0x00000000d5580000,0x00000000f0b80000)
  from space 40448K, 40% used [0x00000000f3d00000,0x00000000f4cf5940,0x00000000f6480000)
  to   space 45568K, 0% used [0x00000000f0b80000,0x00000000f0b80000,0x00000000f3800000)
 ParOldGen       total 155648K, used 63198K [0x0000000080000000, 0x0000000089800000, 0x00000000d5580000)
  object space 155648K, 40% used [0x0000000080000000,0x0000000083db7950,0x0000000089800000)
 Metaspace       used 112796K, capacity 120432K, committed 121880K, reserved 1155072K
  class space    used 14425K, capacity 15747K, committed 16176K, reserved 1048576K
}
Event: 18942.623 GC heap before
{Heap before GC invocations=34 (full 5):
 PSYoungGen      total 488960K, used 464787K [0x00000000d5580000, 0x00000000f6480000, 0x0000000100000000)
  eden space 448512K, 99% used [0x00000000d5580000,0x00000000f0b6f458,0x00000000f0b80000)
  from space 40448K, 40% used [0x00000000f3d00000,0x00000000f4cf5940,0x00000000f6480000)
  to   space 45568K, 0% used [0x00000000f0b80000,0x00000000f0b80000,0x00000000f3800000)
 ParOldGen       total 155648K, used 63198K [0x0000000080000000, 0x0000000089800000, 0x00000000d5580000)
  object space 155648K, 40% used [0x0000000080000000,0x0000000083db7950,0x0000000089800000)
 Metaspace       used 113063K, capacity 120892K, committed 122136K, reserved 1155072K
  class space    used 14446K, capacity 15807K, committed 16176K, reserved 1048576K
Event: 18946.296 GC heap after
Heap after GC invocations=34 (full 5):
 PSYoungGen      total 494080K, used 45549K [0x00000000d5580000, 0x00000000f8400000, 0x0000000100000000)
  eden space 448512K, 0% used [0x00000000d5580000,0x00000000d5580000,0x00000000f0b80000)
  from space 45568K, 99% used [0x00000000f0b80000,0x00000000f37fb590,0x00000000f3800000)
  to   space 53248K, 0% used [0x00000000f5000000,0x00000000f5000000,0x00000000f8400000)
 ParOldGen       total 155648K, used 65316K [0x0000000080000000, 0x0000000089800000, 0x00000000d5580000)
  object space 155648K, 41% used [0x0000000080000000,0x0000000083fc9008,0x0000000089800000)
 Metaspace       used 113063K, capacity 120892K, committed 122136K, reserved 1155072K
  class space    used 14446K, capacity 15807K, committed 16176K, reserved 1048576K
}
Event: 19418.004 GC heap before
{Heap before GC invocations=35 (full 5):
 PSYoungGen      total 494080K, used 494061K [0x00000000d5580000, 0x00000000f8400000, 0x0000000100000000)
  eden space 448512K, 100% used [0x00000000d5580000,0x00000000f0b80000,0x00000000f0b80000)
  from space 45568K, 99% used [0x00000000f0b80000,0x00000000f37fb590,0x00000000f3800000)
  to   space 53248K, 0% used [0x00000000f5000000,0x00000000f5000000,0x00000000f8400000)
 ParOldGen       total 155648K, used 65316K [0x0000000080000000, 0x0000000089800000, 0x00000000d5580000)
  object space 155648K, 41% used [0x0000000080000000,0x0000000083fc9008,0x0000000089800000)
 Metaspace       used 113226K, capacity 120968K, committed 122136K, reserved 1155072K
  class space    used 14447K, capacity 15807K, committed 16176K, reserved 1048576K
Event: 19419.150 GC heap after
Heap after GC invocations=35 (full 5):
 PSYoungGen      total 512000K, used 48531K [0x00000000d5580000, 0x00000000f8e80000, 0x0000000100000000)
  eden space 458752K, 0% used [0x00000000d5580000,0x00000000d5580000,0x00000000f1580000)
  from space 53248K, 91% used [0x00000000f5000000,0x00000000f7f64d28,0x00000000f8400000)
  to   space 59904K, 0% used [0x00000000f1580000,0x00000000f1580000,0x00000000f5000000)
 ParOldGen       total 155648K, used 65316K [0x0000000080000000, 0x0000000089800000, 0x00000000d5580000)
  object space 155648K, 41% used [0x0000000080000000,0x0000000083fc9008,0x0000000089800000)
 Metaspace       used 113226K, capacity 120968K, committed 122136K, reserved 1155072K
  class space    used 14447K, capacity 15807K, committed 16176K, reserved 1048576K
}
Event: 20611.168 GC heap before
{Heap before GC invocations=36 (full 5):
 PSYoungGen      total 512000K, used 507283K [0x00000000d5580000, 0x00000000f8e80000, 0x0000000100000000)
  eden space 458752K, 100% used [0x00000000d5580000,0x00000000f1580000,0x00000000f1580000)
  from space 53248K, 91% used [0x00000000f5000000,0x00000000f7f64d28,0x00000000f8400000)
  to   space 59904K, 0% used [0x00000000f1580000,0x00000000f1580000,0x00000000f5000000)
 ParOldGen       total 155648K, used 65316K [0x0000000080000000, 0x0000000089800000, 0x00000000d5580000)
  object space 155648K, 41% used [0x0000000080000000,0x0000000083fc9008,0x0000000089800000)
 Metaspace       used 113618K, capacity 121584K, committed 122520K, reserved 1155072K
  class space    used 14480K, capacity 15867K, committed 16304K, reserved 1048576K
Event: 20612.948 GC heap after
Heap after GC invocations=36 (full 5):
 PSYoungGen      total 518656K, used 17715K [0x00000000d5580000, 0x00000000f9280000, 0x0000000100000000)
  eden space 458752K, 0% used [0x00000000d5580000,0x00000000d5580000,0x00000000f1580000)
  from space 59904K, 29% used [0x00000000f1580000,0x00000000f26cced8,0x00000000f5000000)
  to   space 57856K, 0% used [0x00000000f5a00000,0x00000000f5a00000,0x00000000f9280000)
 ParOldGen       total 155648K, used 65324K [0x0000000080000000, 0x0000000089800000, 0x00000000d5580000)
  object space 155648K, 41% used [0x0000000080000000,0x0000000083fcb008,0x0000000089800000)
 Metaspace       used 113618K, capacity 121584K, committed 122520K, reserved 1155072K
  class space    used 14480K, capacity 15867K, committed 16304K, reserved 1048576K
}
Event: 23227.197 GC heap before
{Heap before GC invocations=37 (full 5):
 PSYoungGen      total 518656K, used 476467K [0x00000000d5580000, 0x00000000f9280000, 0x0000000100000000)
  eden space 458752K, 100% used [0x00000000d5580000,0x00000000f1580000,0x00000000f1580000)
  from space 59904K, 29% used [0x00000000f1580000,0x00000000f26cced8,0x00000000f5000000)
  to   space 57856K, 0% used [0x00000000f5a00000,0x00000000f5a00000,0x00000000f9280000)
 ParOldGen       total 155648K, used 65324K [0x0000000080000000, 0x0000000089800000, 0x00000000d5580000)
  object space 155648K, 41% used [0x0000000080000000,0x0000000083fcb008,0x0000000089800000)
 Metaspace       used 113983K, capacity 121920K, committed 122520K, reserved 1155072K
  class space    used 14495K, capacity 15869K, committed 16304K, reserved 1048576K
Event: 23230.339 GC heap after
Heap after GC invocations=37 (full 5):
 PSYoungGen      total 522752K, used 10920K [0x00000000d5580000, 0x00000000f8e80000, 0x0000000100000000)
  eden space 468992K, 0% used [0x00000000d5580000,0x00000000d5580000,0x00000000f1f80000)
  from space 53760K, 20% used [0x00000000f5a00000,0x00000000f64aa088,0x00000000f8e80000)
  to   space 56832K, 0% used [0x00000000f1f80000,0x00000000f1f80000,0x00000000f5700000)
 ParOldGen       total 155648K, used 65332K [0x0000000080000000, 0x0000000089800000, 0x00000000d5580000)
  object space 155648K, 41% used [0x0000000080000000,0x0000000083fcd008,0x0000000089800000)
 Metaspace       used 113983K, capacity 121920K, committed 122520K, reserved 1155072K
  class space    used 14495K, capacity 15869K, committed 16304K, reserved 1048576K
}

