# JRE version: OpenJDK Runtime Environment (8.0_242-b01) (build 1.8.0_242-release-1644-b01)
# Java VM: OpenJDK 64-Bit Server VM (25.242-b01 mixed mode windows-amd64 compressed oops)
Heap:
 PSYoungGen      total 477184K, used 450230K [0x00000000d5580000, 0x00000000f4100000, 0x0000000100000000)
  eden space 451072K, 96% used [0x00000000d5580000,0x00000000efea7948,0x00000000f0e00000)
  from space 26112K, 56% used [0x00000000f2780000,0x00000000f3605f30,0x00000000f4100000)
  to   space 26112K, 0% used [0x00000000f0e00000,0x00000000f0e00000,0x00000000f2780000)
 ParOldGen       total 110080K, used 57662K [0x0000000080000000, 0x0000000086b80000, 0x00000000d5580000)
  object space 110080K, 52% used [0x0000000080000000,0x000000008384fa90,0x0000000086b80000)
 Metaspace       used 92181K, capacity 97660K, committed 97816K, reserved 1134592K
  class space    used 12089K, capacity 13085K, committed 13104K, reserved 1048576K
GC Heap History (10 events):
Event: 16.854 GC heap before
{Heap before GC invocations=16 (full 3):
 PSYoungGen      total 282112K, used 269312K [0x00000000d5580000, 0x00000000e7f80000, 0x0000000100000000)
  eden space 269312K, 100% used [0x00000000d5580000,0x00000000e5c80000,0x00000000e5c80000)
  from space 12800K, 0% used [0x00000000e7300000,0x00000000e7300000,0x00000000e7f80000)
  to   space 17920K, 0% used [0x00000000e5c80000,0x00000000e5c80000,0x00000000e6e00000)
 ParOldGen       total 71680K, used 32279K [0x0000000080000000, 0x0000000084600000, 0x00000000d5580000)
  object space 71680K, 45% used [0x0000000080000000,0x0000000081f85d58,0x0000000084600000)
 Metaspace       used 74073K, capacity 77168K, committed 77336K, reserved 1116160K
  class space    used 10134K, capacity 10773K, committed 10800K, reserved 1048576K
Event: 16.894 GC heap after
Heap after GC invocations=16 (full 3):
 PSYoungGen      total 287232K, used 17898K [0x00000000d5580000, 0x00000000ee700000, 0x0000000100000000)
  eden space 269312K, 0% used [0x00000000d5580000,0x00000000d5580000,0x00000000e5c80000)
  from space 17920K, 99% used [0x00000000e5c80000,0x00000000e6dfa9a8,0x00000000e6e00000)
  to   space 24064K, 0% used [0x00000000ecf80000,0x00000000ecf80000,0x00000000ee700000)
 ParOldGen       total 71680K, used 42177K [0x0000000080000000, 0x0000000084600000, 0x00000000d5580000)
  object space 71680K, 58% used [0x0000000080000000,0x0000000082930710,0x0000000084600000)
 Metaspace       used 74073K, capacity 77168K, committed 77336K, reserved 1116160K
  class space    used 10134K, capacity 10773K, committed 10800K, reserved 1048576K
}
Event: 20.584 GC heap before
{Heap before GC invocations=17 (full 3):
 PSYoungGen      total 287232K, used 287210K [0x00000000d5580000, 0x00000000ee700000, 0x0000000100000000)
  eden space 269312K, 100% used [0x00000000d5580000,0x00000000e5c80000,0x00000000e5c80000)
  from space 17920K, 99% used [0x00000000e5c80000,0x00000000e6dfa9a8,0x00000000e6e00000)
  to   space 24064K, 0% used [0x00000000ecf80000,0x00000000ecf80000,0x00000000ee700000)
 ParOldGen       total 71680K, used 42177K [0x0000000080000000, 0x0000000084600000, 0x00000000d5580000)
  object space 71680K, 58% used [0x0000000080000000,0x0000000082930710,0x0000000084600000)
 Metaspace       used 84569K, capacity 88462K, committed 88600K, reserved 1126400K
  class space    used 11485K, capacity 12246K, committed 12336K, reserved 1048576K
Event: 20.622 GC heap after
Heap after GC invocations=17 (full 3):
 PSYoungGen      total 371712K, used 15900K [0x00000000d5580000, 0x00000000ee080000, 0x0000000100000000)
  eden space 354304K, 0% used [0x00000000d5580000,0x00000000d5580000,0x00000000eaf80000)
  from space 17408K, 91% used [0x00000000ecf80000,0x00000000edf070d8,0x00000000ee080000)
  to   space 25088K, 0% used [0x00000000eaf80000,0x00000000eaf80000,0x00000000ec800000)
 ParOldGen       total 71680K, used 55311K [0x0000000080000000, 0x0000000084600000, 0x00000000d5580000)
  object space 71680K, 77% used [0x0000000080000000,0x0000000083603d48,0x0000000084600000)
 Metaspace       used 84569K, capacity 88462K, committed 88600K, reserved 1126400K
  class space    used 11485K, capacity 12246K, committed 12336K, reserved 1048576K
}
Event: 980.543 GC heap before
{Heap before GC invocations=18 (full 3):
 PSYoungGen      total 371712K, used 369362K [0x00000000d5580000, 0x00000000ee080000, 0x0000000100000000)
  eden space 354304K, 99% used [0x00000000d5580000,0x00000000eaead748,0x00000000eaf80000)
  from space 17408K, 91% used [0x00000000ecf80000,0x00000000edf070d8,0x00000000ee080000)
  to   space 25088K, 0% used [0x00000000eaf80000,0x00000000eaf80000,0x00000000ec800000)
 ParOldGen       total 71680K, used 55311K [0x0000000080000000, 0x0000000084600000, 0x00000000d5580000)
  object space 71680K, 77% used [0x0000000080000000,0x0000000083603d48,0x0000000084600000)
 Metaspace       used 89295K, capacity 93632K, committed 93976K, reserved 1130496K
  class space    used 11845K, capacity 12725K, committed 12848K, reserved 1048576K
Event: 980.938 GC heap after
Heap after GC invocations=18 (full 3):
 PSYoungGen      total 379392K, used 16870K [0x00000000d5580000, 0x00000000f4100000, 0x0000000100000000)
  eden space 354304K, 0% used [0x00000000d5580000,0x00000000d5580000,0x00000000eaf80000)
  from space 25088K, 67% used [0x00000000eaf80000,0x00000000ebff9b70,0x00000000ec800000)
  to   space 26112K, 0% used [0x00000000f2780000,0x00000000f2780000,0x00000000f4100000)
 ParOldGen       total 71680K, used 61291K [0x0000000080000000, 0x0000000084600000, 0x00000000d5580000)
  object space 71680K, 85% used [0x0000000080000000,0x0000000083bdaf20,0x0000000084600000)
 Metaspace       used 89295K, capacity 93632K, committed 93976K, reserved 1130496K
  class space    used 11845K, capacity 12725K, committed 12848K, reserved 1048576K
}
Event: 980.939 GC heap before
{Heap before GC invocations=19 (full 4):
 PSYoungGen      total 379392K, used 16870K [0x00000000d5580000, 0x00000000f4100000, 0x0000000100000000)
  eden space 354304K, 0% used [0x00000000d5580000,0x00000000d5580000,0x00000000eaf80000)
  from space 25088K, 67% used [0x00000000eaf80000,0x00000000ebff9b70,0x00000000ec800000)
  to   space 26112K, 0% used [0x00000000f2780000,0x00000000f2780000,0x00000000f4100000)
 ParOldGen       total 71680K, used 61291K [0x0000000080000000, 0x0000000084600000, 0x00000000d5580000)
  object space 71680K, 85% used [0x0000000080000000,0x0000000083bdaf20,0x0000000084600000)
 Metaspace       used 89295K, capacity 93632K, committed 93976K, reserved 1130496K
  class space    used 11845K, capacity 12725K, committed 12848K, reserved 1048576K
Event: 981.764 GC heap after
Heap after GC invocations=19 (full 4):
 PSYoungGen      total 379392K, used 0K [0x00000000d5580000, 0x00000000f4100000, 0x0000000100000000)
  eden space 354304K, 0% used [0x00000000d5580000,0x00000000d5580000,0x00000000eaf80000)
  from space 25088K, 0% used [0x00000000eaf80000,0x00000000eaf80000,0x00000000ec800000)
  to   space 26112K, 0% used [0x00000000f2780000,0x00000000f2780000,0x00000000f4100000)
 ParOldGen       total 110080K, used 57654K [0x0000000080000000, 0x0000000086b80000, 0x00000000d5580000)
  object space 110080K, 52% used [0x0000000080000000,0x000000008384da90,0x0000000086b80000)
 Metaspace       used 89262K, capacity 93540K, committed 93976K, reserved 1130496K
  class space    used 11833K, capacity 12705K, committed 12848K, reserved 1048576K
}
Event: 1028.934 GC heap before
{Heap before GC invocations=20 (full 4):
 PSYoungGen      total 379392K, used 354304K [0x00000000d5580000, 0x00000000f4100000, 0x0000000100000000)
  eden space 354304K, 100% used [0x00000000d5580000,0x00000000eaf80000,0x00000000eaf80000)
  from space 25088K, 0% used [0x00000000eaf80000,0x00000000eaf80000,0x00000000ec800000)
  to   space 26112K, 0% used [0x00000000f2780000,0x00000000f2780000,0x00000000f4100000)
 ParOldGen       total 110080K, used 57654K [0x0000000080000000, 0x0000000086b80000, 0x00000000d5580000)
  object space 110080K, 52% used [0x0000000080000000,0x000000008384da90,0x0000000086b80000)
 Metaspace       used 90984K, capacity 95536K, committed 95768K, reserved 1132544K
  class space    used 11956K, capacity 12841K, committed 12848K, reserved 1048576K
Event: 1028.975 GC heap after
Heap after GC invocations=20 (full 4):
 PSYoungGen      total 477184K, used 14871K [0x00000000d5580000, 0x00000000f4100000, 0x0000000100000000)
  eden space 451072K, 0% used [0x00000000d5580000,0x00000000d5580000,0x00000000f0e00000)
  from space 26112K, 56% used [0x00000000f2780000,0x00000000f3605f30,0x00000000f4100000)
  to   space 26112K, 0% used [0x00000000f0e00000,0x00000000f0e00000,0x00000000f2780000)
 ParOldGen       total 110080K, used 57662K [0x0000000080000000, 0x0000000086b80000, 0x00000000d5580000)
  object space 110080K, 52% used [0x0000000080000000,0x000000008384fa90,0x0000000086b80000)
 Metaspace       used 90984K, capacity 95536K, committed 95768K, reserved 1132544K
  class space    used 11956K, capacity 12841K, committed 12848K, reserved 1048576K
}

